  [1m[35m (0.6ms)[0m  [1m[34mSELECT sqlite_version(*)[0m
  [1m[35m (146.6ms)[0m  [1m[35mCREATE TABLE "schema_migrations" ("version" varchar NOT NULL PRIMARY KEY)[0m
  [1m[35m (123.0ms)[0m  [1m[35mCREATE TABLE "ar_internal_metadata" ("key" varchar NOT NULL PRIMARY KEY, "value" varchar, "created_at" datetime NOT NULL, "updated_at" datetime NOT NULL)[0m
  [1m[35m (0.5ms)[0m  [1m[34mSELECT "schema_migrations"."version" FROM "schema_migrations" ORDER BY "schema_migrations"."version" ASC[0m
Migrating to DeviseCreateUsers (20180301173101)
  [1m[35m (0.2ms)[0m  [1m[36mbegin transaction[0m
  [1m[35m (1.1ms)[0m  [1m[35mCREATE TABLE "users" ("id" INTEGER PRIMARY KEY AUTOINCREMENT NOT NULL, "email" varchar DEFAULT '' NOT NULL, "encrypted_password" varchar DEFAULT '' NOT NULL, "reset_password_token" varchar, "reset_password_sent_at" datetime, "remember_created_at" datetime, "sign_in_count" integer DEFAULT 0 NOT NULL, "current_sign_in_at" datetime, "last_sign_in_at" datetime, "current_sign_in_ip" varchar, "last_sign_in_ip" varchar, "created_at" datetime NOT NULL, "updated_at" datetime NOT NULL)[0m
  [1m[35m (0.7ms)[0m  [1m[35mCREATE UNIQUE INDEX "index_users_on_email" ON "users" ("email")[0m
  [1m[35m (0.4ms)[0m  [1m[34m            SELECT sql
            FROM sqlite_master
            WHERE name='index_users_on_email' AND type='index'
            UNION ALL
            SELECT sql
            FROM sqlite_temp_master
            WHERE name='index_users_on_email' AND type='index'
[0m
  [1m[35m (0.5ms)[0m  [1m[35mCREATE UNIQUE INDEX "index_users_on_reset_password_token" ON "users" ("reset_password_token")[0m
  [1m[35mSQL (0.5ms)[0m  [1m[32mINSERT INTO "schema_migrations" ("version") VALUES (?)[0m  [["version", "20180301173101"]]
  [1m[35m (107.9ms)[0m  [1m[36mcommit transaction[0m
Migrating to CreateBoats (20180301192908)
  [1m[35m (0.3ms)[0m  [1m[36mbegin transaction[0m
  [1m[35m (1.6ms)[0m  [1m[35mCREATE TABLE "boats" ("id" INTEGER PRIMARY KEY AUTOINCREMENT NOT NULL, "name" varchar, "created_at" datetime NOT NULL, "updated_at" datetime NOT NULL)[0m
  [1m[35mSQL (0.5ms)[0m  [1m[32mINSERT INTO "schema_migrations" ("version") VALUES (?)[0m  [["version", "20180301192908"]]
  [1m[35m (124.0ms)[0m  [1m[36mcommit transaction[0m
Migrating to CreateJobs (20180301210743)
  [1m[35m (0.5ms)[0m  [1m[36mbegin transaction[0m
  [1m[35m (1.8ms)[0m  [1m[35mCREATE TABLE "jobs" ("id" INTEGER PRIMARY KEY AUTOINCREMENT NOT NULL, "description" varchar, "origin" varchar, "destination" varchar, "cost" integer, "containers" integer, "user_id" integer, "created_at" datetime NOT NULL, "updated_at" datetime NOT NULL)[0m
  [1m[35mSQL (0.4ms)[0m  [1m[32mINSERT INTO "schema_migrations" ("version") VALUES (?)[0m  [["version", "20180301210743"]]
  [1m[35m (154.7ms)[0m  [1m[36mcommit transaction[0m
Migrating to CreateJoinTableBoatsJobs (20180301214059)
  [1m[35m (0.5ms)[0m  [1m[36mbegin transaction[0m
  [1m[35m (2.3ms)[0m  [1m[35mCREATE TABLE "boats_jobs" ("boat_id" integer NOT NULL, "job_id" integer NOT NULL)[0m
  [1m[35m (0.3ms)[0m  [1m[35mCREATE  INDEX "index_boats_jobs_on_boat_id_and_job_id" ON "boats_jobs" ("boat_id", "job_id")[0m
  [1m[35m (0.2ms)[0m  [1m[34m            SELECT sql
            FROM sqlite_master
            WHERE name='index_boats_jobs_on_boat_id_and_job_id' AND type='index'
            UNION ALL
            SELECT sql
            FROM sqlite_temp_master
            WHERE name='index_boats_jobs_on_boat_id_and_job_id' AND type='index'
[0m
  [1m[35m (0.3ms)[0m  [1m[35mCREATE  INDEX "index_boats_jobs_on_job_id_and_boat_id" ON "boats_jobs" ("job_id", "boat_id")[0m
  [1m[35mSQL (0.4ms)[0m  [1m[32mINSERT INTO "schema_migrations" ("version") VALUES (?)[0m  [["version", "20180301214059"]]
  [1m[35m (84.2ms)[0m  [1m[36mcommit transaction[0m
Migrating to AddAvatarColumnsToBoats (20180305192533)
  [1m[35m (0.5ms)[0m  [1m[36mbegin transaction[0m
  [1m[35m (3.4ms)[0m  [1m[35mALTER TABLE "users" ADD "avatar_file_name" varchar[0m
  [1m[35m (0.7ms)[0m  [1m[35mALTER TABLE "users" ADD "avatar_content_type" varchar[0m
  [1m[35m (0.7ms)[0m  [1m[35mALTER TABLE "users" ADD "avatar_file_size" integer[0m
  [1m[35m (0.7ms)[0m  [1m[35mALTER TABLE "users" ADD "avatar_updated_at" datetime[0m
  [1m[35mSQL (0.5ms)[0m  [1m[32mINSERT INTO "schema_migrations" ("version") VALUES (?)[0m  [["version", "20180305192533"]]
  [1m[35m (71.1ms)[0m  [1m[36mcommit transaction[0m
Migrating to AddAttachmentAvatarToBoats (20180305195725)
  [1m[35m (0.3ms)[0m  [1m[36mbegin transaction[0m
  [1m[35m (1.8ms)[0m  [1m[35mALTER TABLE "boats" ADD "avatar_file_name" varchar[0m
  [1m[35m (1.2ms)[0m  [1m[35mALTER TABLE "boats" ADD "avatar_content_type" varchar[0m
  [1m[35m (1.2ms)[0m  [1m[35mALTER TABLE "boats" ADD "avatar_file_size" integer[0m
  [1m[35m (1.2ms)[0m  [1m[35mALTER TABLE "boats" ADD "avatar_updated_at" datetime[0m
  [1m[35mSQL (0.8ms)[0m  [1m[32mINSERT INTO "schema_migrations" ("version") VALUES (?)[0m  [["version", "20180305195725"]]
  [1m[35m (50.6ms)[0m  [1m[36mcommit transaction[0m
  [1m[36mActiveRecord::InternalMetadata Load (0.5ms)[0m  [1m[34mSELECT  "ar_internal_metadata".* FROM "ar_internal_metadata" WHERE "ar_internal_metadata"."key" = ? LIMIT ?[0m  [["key", "environment"], ["LIMIT", 1]]
  [1m[35m (0.1ms)[0m  [1m[36mbegin transaction[0m
  [1m[35mSQL (0.6ms)[0m  [1m[32mINSERT INTO "ar_internal_metadata" ("key", "value", "created_at", "updated_at") VALUES (?, ?, ?, ?)[0m  [["key", "environment"], ["value", "development"], ["created_at", "2020-03-16 15:39:34.345277"], ["updated_at", "2020-03-16 15:39:34.345277"]]
  [1m[35m (95.5ms)[0m  [1m[36mcommit transaction[0m
  [1m[35m (0.4ms)[0m  [1m[34mSELECT "schema_migrations"."version" FROM "schema_migrations" ORDER BY "schema_migrations"."version" ASC[0m
  [1m[35m (0.3ms)[0m  [1m[34m            SELECT sql
            FROM sqlite_master
            WHERE name='index_boats_jobs_on_job_id_and_boat_id' AND type='index'
            UNION ALL
            SELECT sql
            FROM sqlite_temp_master
            WHERE name='index_boats_jobs_on_job_id_and_boat_id' AND type='index'
[0m
  [1m[35m (0.3ms)[0m  [1m[34m            SELECT sql
            FROM sqlite_master
            WHERE name='index_boats_jobs_on_boat_id_and_job_id' AND type='index'
            UNION ALL
            SELECT sql
            FROM sqlite_temp_master
            WHERE name='index_boats_jobs_on_boat_id_and_job_id' AND type='index'
[0m
  [1m[35m (0.3ms)[0m  [1m[34m            SELECT sql
            FROM sqlite_master
            WHERE name='index_users_on_reset_password_token' AND type='index'
            UNION ALL
            SELECT sql
            FROM sqlite_temp_master
            WHERE name='index_users_on_reset_password_token' AND type='index'
[0m
  [1m[35m (0.3ms)[0m  [1m[34m            SELECT sql
            FROM sqlite_master
            WHERE name='index_users_on_email' AND type='index'
            UNION ALL
            SELECT sql
            FROM sqlite_temp_master
            WHERE name='index_users_on_email' AND type='index'
[0m
Started GET "/" for 127.0.0.1 at 2020-03-16 11:40:26 -0400
  [1m[35m (0.5ms)[0m  [1m[34mSELECT "schema_migrations"."version" FROM "schema_migrations" ORDER BY "schema_migrations"."version" ASC[0m
Processing by WelcomeController#index as HTML
  Rendering welcome/index.html.erb within layouts/application
  Rendered welcome/index.html.erb within layouts/application (5.1ms)
Completed 200 OK in 4582ms (Views: 4570.5ms | ActiveRecord: 0.0ms)


Started GET "/users/sign_up" for 127.0.0.1 at 2020-03-16 11:40:46 -0400
Processing by Devise::RegistrationsController#new as HTML
  Rendering devise/registrations/new.html.erb within layouts/application
  Rendered devise/shared/_links.html.erb (5.5ms)
  Rendered devise/registrations/new.html.erb within layouts/application (673.1ms)
Completed 200 OK in 928ms (Views: 882.0ms | ActiveRecord: 1.9ms)


Started POST "/users" for 127.0.0.1 at 2020-03-16 11:41:19 -0400
Processing by Devise::RegistrationsController#create as HTML
  Parameters: {"utf8"=>"✓", "authenticity_token"=>"tgQa+eMHvqK1guJ4MBT0jjBM0rIS7OMW1TSLYUi0ZKYW7EoOCvBCr4xZueDYl/LeuKKImlC6kxcCoVbu9qVqdQ==", "user"=>{"email"=>"example@example.com", "password"=>"[FILTERED]", "password_confirmation"=>"[FILTERED]"}, "commit"=>"Sign up"}
  [1m[35m (0.1ms)[0m  [1m[36mbegin transaction[0m
  [1m[36mUser Exists (0.7ms)[0m  [1m[34mSELECT  1 AS one FROM "users" WHERE "users"."email" = ? LIMIT ?[0m  [["email", "example@example.com"], ["LIMIT", 1]]
  [1m[35mSQL (1.0ms)[0m  [1m[32mINSERT INTO "users" ("email", "encrypted_password", "created_at", "updated_at") VALUES (?, ?, ?, ?)[0m  [["email", "example@example.com"], ["encrypted_password", "$2a$11$GXdVnnoMKty339GziMLJLujdAGWfCPiKSmeP6ppr4Ncwr98ooI7aa"], ["created_at", "2020-03-16 15:41:20.228727"], ["updated_at", "2020-03-16 15:41:20.228727"]]
  [1m[35m (101.1ms)[0m  [1m[36mcommit transaction[0m
  [1m[35m (0.3ms)[0m  [1m[36mbegin transaction[0m
  [1m[35mSQL (0.8ms)[0m  [1m[33mUPDATE "users" SET "sign_in_count" = ?, "current_sign_in_at" = ?, "last_sign_in_at" = ?, "current_sign_in_ip" = ?, "last_sign_in_ip" = ?, "updated_at" = ? WHERE "users"."id" = ?[0m  [["sign_in_count", 1], ["current_sign_in_at", "2020-03-16 15:41:20.338348"], ["last_sign_in_at", "2020-03-16 15:41:20.338348"], ["current_sign_in_ip", "127.0.0.1"], ["last_sign_in_ip", "127.0.0.1"], ["updated_at", "2020-03-16 15:41:20.342537"], ["id", 1]]
  [1m[35m (142.9ms)[0m  [1m[36mcommit transaction[0m
Redirected to http://localhost:3000/
Completed 302 Found in 586ms (ActiveRecord: 247.0ms)


Started GET "/" for 127.0.0.1 at 2020-03-16 11:41:20 -0400
Processing by WelcomeController#index as HTML
  Rendering welcome/index.html.erb within layouts/application
  Rendered welcome/index.html.erb within layouts/application (0.7ms)
  [1m[36mUser Load (1.0ms)[0m  [1m[34mSELECT  "users".* FROM "users" WHERE "users"."id" = ? ORDER BY "users"."id" ASC LIMIT ?[0m  [["id", 1], ["LIMIT", 1]]
Completed 200 OK in 118ms (Views: 114.0ms | ActiveRecord: 1.0ms)


Started GET "/jobs" for 127.0.0.1 at 2020-03-16 11:41:28 -0400
Processing by JobsController#index as HTML
  [1m[36mUser Load (1.1ms)[0m  [1m[34mSELECT  "users".* FROM "users" WHERE "users"."id" = ? ORDER BY "users"."id" ASC LIMIT ?[0m  [["id", 1], ["LIMIT", 1]]
  Rendering jobs/index.html.erb within layouts/application
  [1m[36mJob Load (0.4ms)[0m  [1m[34mSELECT "jobs".* FROM "jobs"[0m
  Rendered jobs/index.html.erb within layouts/application (7.8ms)
Completed 200 OK in 244ms (Views: 141.8ms | ActiveRecord: 2.7ms)


Started GET "/jobs/new" for 127.0.0.1 at 2020-03-16 11:59:54 -0400
Processing by JobsController#new as HTML
  [1m[36mUser Load (67.1ms)[0m  [1m[34mSELECT  "users".* FROM "users" WHERE "users"."id" = ? ORDER BY "users"."id" ASC LIMIT ?[0m  [["id", 1], ["LIMIT", 1]]
  Rendering jobs/new.html.erb within layouts/application
  Rendered jobs/_form.html.erb (13.9ms)
  Rendered jobs/new.html.erb within layouts/application (31.9ms)
Completed 200 OK in 945ms (Views: 751.9ms | ActiveRecord: 103.8ms)


Started GET "/boats" for 127.0.0.1 at 2020-03-16 12:00:19 -0400
Processing by BoatsController#index as HTML
  [1m[36mUser Load (1.1ms)[0m  [1m[34mSELECT  "users".* FROM "users" WHERE "users"."id" = ? ORDER BY "users"."id" ASC LIMIT ?[0m  [["id", 1], ["LIMIT", 1]]
  Rendering boats/index.html.erb within layouts/application
  [1m[36mBoat Load (15.4ms)[0m  [1m[34mSELECT "boats".* FROM "boats"[0m
  Rendered boats/index.html.erb within layouts/application (23.4ms)
Completed 200 OK in 169ms (Views: 104.0ms | ActiveRecord: 17.5ms)


Started GET "/users/edit" for 127.0.0.1 at 2020-03-16 12:02:11 -0400
Processing by Devise::RegistrationsController#edit as HTML
  [1m[36mUser Load (1.1ms)[0m  [1m[34mSELECT  "users".* FROM "users" WHERE "users"."id" = ? ORDER BY "users"."id" ASC LIMIT ?[0m  [["id", 1], ["LIMIT", 1]]
  Rendering devise/registrations/edit.html.erb within layouts/application
  Rendered devise/registrations/edit.html.erb within layouts/application (10.6ms)
Completed 200 OK in 670ms (Views: 512.1ms | ActiveRecord: 1.1ms)


Started GET "/" for 127.0.0.1 at 2020-03-16 12:04:07 -0400
Processing by WelcomeController#index as HTML
  Rendering welcome/index.html.erb within layouts/application
  Rendered welcome/index.html.erb within layouts/application (2.4ms)
  [1m[36mUser Load (1.2ms)[0m  [1m[34mSELECT  "users".* FROM "users" WHERE "users"."id" = ? ORDER BY "users"."id" ASC LIMIT ?[0m  [["id", 1], ["LIMIT", 1]]
Completed 200 OK in 170ms (Views: 166.8ms | ActiveRecord: 1.2ms)


